\BOOKMARK [0][-]{chapter.1}{\376\377\000E\000x\000a\000m\000p\000l\000e\000\040\000I\000n\000t\000r\000o\000d\000u\000c\000t\000i\000o\000n\000\040\000C\000h\000a\000p\000t\000e\000r}{}% 1
\BOOKMARK [1][-]{section.1.1}{\376\377\000I\000n\000t\000r\000o\000d\000u\000c\000t\000i\000o\000n}{chapter.1}% 2
\BOOKMARK [2][-]{subsection.1.1.1}{\376\377\000S\000u\000b\000s\000e\000c\000t\000i\000o\000n\000\040\000o\000f\000\040\000I\000n\000t\000r\000o\000d\000u\000c\000t\000i\000o\000n}{section.1.1}% 3
\BOOKMARK [1][-]{section.1.2}{\376\377\000S\000e\000c\000t\000i\000o\000n\000\040\0002}{chapter.1}% 4
\BOOKMARK [1][-]{section.1.3}{\376\377\000S\000e\000c\000t\000i\000o\000n\000\040\0003}{chapter.1}% 5
\BOOKMARK [2][-]{subsection.1.3.1}{\376\377\000S\000e\000c\000t\000i\000o\000n\000\040\0003\000.\0001}{section.1.3}% 6
\BOOKMARK [2][-]{subsection.1.3.2}{\376\377\000S\000e\000c\000t\000i\000o\000n\000\040\0003\000.\0002}{section.1.3}% 7
\BOOKMARK [1][-]{section.1.4}{\376\377\000C\000o\000n\000c\000l\000u\000s\000i\000o\000n\000s}{chapter.1}% 8
\BOOKMARK [1][-]{section.1.4}{\376\377\000A\000c\000k\000n\000o\000w\000l\000e\000d\000g\000e\000m\000e\000n\000t\000s}{chapter.1}% 9
\BOOKMARK [1][-]{section.1.4}{\376\377\000T\000h\000e\000s\000i\000s\000\040\000O\000u\000t\000l\000i\000n\000e}{chapter.1}% 10
\BOOKMARK [1][-]{section.1.4}{\376\377\000B\000i\000b\000l\000i\000o\000g\000r\000a\000p\000h\000y}{chapter.1}% 11
\BOOKMARK [0][-]{chapter.2}{\376\377\000E\000x\000a\000m\000p\000l\000e\000\040\000E\000x\000p\000e\000r\000i\000m\000e\000n\000t\000a\000l\000\040\000C\000h\000a\000p\000t\000e\000r}{}% 12
\BOOKMARK [1][-]{section.2.1}{\376\377\000I\000n\000t\000r\000o\000d\000u\000c\000t\000i\000o\000n}{chapter.2}% 13
\BOOKMARK [1][-]{section.2.2}{\376\377\000S\000h\000o\000r\000t\000\040\000R\000\046\000D}{chapter.2}% 14
\BOOKMARK [2][-]{subsection.2.2.1}{\376\377\000R\000\046\000D\000\040\0001}{section.2.2}% 15
\BOOKMARK [2][-]{subsection.2.2.2}{\376\377\000R\000\046\000D\000\040\0002}{section.2.2}% 16
\BOOKMARK [1][-]{section.2.3}{\376\377\000C\000o\000n\000c\000l\000u\000s\000i\000o\000n\000s}{chapter.2}% 17
\BOOKMARK [1][-]{section.2.3}{\376\377\000A\000c\000k\000n\000o\000w\000l\000e\000d\000g\000e\000m\000e\000n\000t\000s}{chapter.2}% 18
\BOOKMARK [1][-]{section.2.3}{\376\377\000B\000i\000b\000l\000i\000o\000g\000r\000a\000p\000h\000y}{chapter.2}% 19
\BOOKMARK [1][-]{section.2.3}{\376\377\000E\000x\000p\000e\000r\000i\000m\000e\000n\000t\000a\000l\000\040\000D\000e\000t\000a\000i\000l\000s}{chapter.2}% 20
\BOOKMARK [1][-]{figure.caption.7}{\376\377\000A\000p\000p\000e\000n\000d\000i\000x}{chapter.2}% 21
\BOOKMARK [0][-]{chapter.3}{\376\377\000I\000n\000s\000t\000r\000u\000c\000t\000i\000o\000n\000s}{}% 22
\BOOKMARK [1][-]{section.3.1}{\376\377\000T\000o\000\040\000d\000o}{chapter.3}% 23
\BOOKMARK [1][-]{section.3.2}{\376\377\000G\000e\000n\000e\000r\000a\000l}{chapter.3}% 24
\BOOKMARK [1][-]{section.3.3}{\376\377\000M\000a\000k\000i\000n\000g\000\040\000M\000a\000c\000r\000o\000s}{chapter.3}% 25
\BOOKMARK [1][-]{section.3.4}{\376\377\000H\000e\000a\000d\000e\000r\000s\000\040\000a\000n\000d\000\040\000F\000o\000o\000t\000e\000r\000s}{chapter.3}% 26
\BOOKMARK [1][-]{section.3.5}{\376\377\000F\000i\000g\000u\000r\000e\000s}{chapter.3}% 27
\BOOKMARK [2][-]{subsection.3.5.1}{\376\377\000F\000i\000g\000u\000r\000e\000s\000\040\000f\000r\000o\000m\000\040\000p\000y\000t\000h\000o\000n}{section.3.5}% 28
\BOOKMARK [2][-]{subsection.3.5.2}{\376\377\000H\000o\000w\000\040\000t\000o\000\040\000m\000a\000k\000e\000\040\000n\000e\000w\000\040\000f\000l\000o\000a\000t\000s}{section.3.5}% 29
\BOOKMARK [2][-]{subsection.3.5.3}{\376\377\000A\000l\000i\000g\000n\000\040\000f\000i\000g\000u\000r\000e\000s}{section.3.5}% 30
\BOOKMARK [1][-]{section.3.6}{\376\377\000T\000a\000b\000l\000e\000s}{chapter.3}% 31
\BOOKMARK [1][-]{section.3.7}{\376\377\000C\000a\000p\000t\000i\000o\000n\000s}{chapter.3}% 32
\BOOKMARK [2][-]{subsection.3.7.1}{\376\377\000L\000a\000y\000o\000u\000t\000\040\000o\000f\000\040\000c\000a\000p\000t\000i\000o\000n\000s}{section.3.7}% 33
\BOOKMARK [1][-]{section.3.8}{\376\377\000I\000n\000d\000e\000n\000t\000a\000t\000i\000o\000n\000\040\000o\000f\000\040\000t\000e\000x\000t}{chapter.3}% 34
\BOOKMARK [2][-]{subsection.3.8.1}{\376\377\000P\000a\000r\000a\000g\000r\000a\000p\000h\000\040\000s\000p\000a\000c\000i\000n\000g}{section.3.8}% 35
\BOOKMARK [1][-]{section.3.9}{\376\377\000M\000i\000s\000c\000e\000l\000l\000a\000n\000e\000o\000u\000s\000\040\000E\000n\000v\000i\000r\000o\000n\000m\000e\000n\000t\000s\000\040\000a\000n\000d\000\040\000C\000o\000m\000m\000a\000n\000d\000s}{chapter.3}% 36
\BOOKMARK [2][-]{subsection.3.9.1}{\376\377\000A\000\040\000C\000o\000m\000m\000a\000n\000d\000\040\000f\000o\000r\000\040\000a\000n\000\040\000E\000x\000p\000e\000r\000i\000m\000e\000n\000t\000a\000l\000\040\000P\000r\000o\000c\000e\000d\000u\000r\000e\000:\000\040\000s\000y\000n\000t\000h}{section.3.9}% 37
\BOOKMARK [1][-]{section.3.10}{\376\377\000R\000e\000f\000e\000r\000e\000n\000c\000i\000n\000g}{chapter.3}% 38
\BOOKMARK [1][-]{section.3.10}{\376\377\000B\000i\000b\000l\000i\000o\000g\000r\000a\000p\000h\000y}{chapter.3}% 39
\BOOKMARK [0][-]{chapter*.13}{\376\377\000S\000a\000m\000e\000n\000v\000a\000t\000t\000i\000n\000g}{}% 40
\BOOKMARK [0][-]{chapter*.14}{\376\377\000S\000u\000m\000m\000a\000r\000y}{}% 41
\BOOKMARK [0][-]{chapter*.15}{\376\377\000A\000c\000k\000n\000o\000w\000l\000e\000d\000g\000e\000m\000e\000n\000t\000s}{}% 42
\BOOKMARK [0][-]{chapter*.16}{\376\377\000L\000i\000s\000t\000\040\000o\000f\000\040\000P\000u\000b\000l\000i\000c\000a\000t\000i\000o\000n\000s}{}% 43
